Release 13.4 - xst O.87xd (lin)
Copyright (c) 1995-2011 Xilinx, Inc.  All rights reserved.
--> 
Parameter TMPDIR set to xst/projnav.tmp


Total REAL time to Xst completion: 1.00 secs
Total CPU time to Xst completion: 0.08 secs
 
--> 
Parameter xsthdpdir set to xst


Total REAL time to Xst completion: 1.00 secs
Total CPU time to Xst completion: 0.08 secs
 
--> 
Reading design: scorpion_top.prj

TABLE OF CONTENTS
  1) Synthesis Options Summary
  2) HDL Compilation
  3) Design Hierarchy Analysis
  4) HDL Analysis
  5) HDL Synthesis
     5.1) HDL Synthesis Report
  6) Advanced HDL Synthesis
     6.1) Advanced HDL Synthesis Report
  7) Low Level Synthesis
  8) Partition Report
  9) Final Report
	9.1) Device utilization summary
	9.2) Partition Resource Summary
	9.3) TIMING REPORT


=========================================================================
*                      Synthesis Options Summary                        *
=========================================================================
---- Source Parameters
Input File Name                    : "scorpion_top.prj"
Input Format                       : mixed
Ignore Synthesis Constraint File   : NO

---- Target Parameters
Output File Name                   : "scorpion_top"
Output Format                      : NGC
Target Device                      : xc3s100e-5-cp132

---- Source Options
Top Module Name                    : scorpion_top
Automatic FSM Extraction           : YES
FSM Encoding Algorithm             : Auto
Safe Implementation                : No
FSM Style                          : LUT
RAM Extraction                     : Yes
RAM Style                          : Auto
ROM Extraction                     : Yes
Mux Style                          : Auto
Decoder Extraction                 : YES
Priority Encoder Extraction        : Yes
Shift Register Extraction          : YES
Logical Shifter Extraction         : YES
XOR Collapsing                     : YES
ROM Style                          : Auto
Mux Extraction                     : Yes
Resource Sharing                   : YES
Asynchronous To Synchronous        : NO
Multiplier Style                   : Auto
Automatic Register Balancing       : No

---- Target Options
Add IO Buffers                     : YES
Global Maximum Fanout              : 100000
Add Generic Clock Buffer(BUFG)     : 24
Register Duplication               : YES
Slice Packing                      : YES
Optimize Instantiated Primitives   : NO
Use Clock Enable                   : Yes
Use Synchronous Set                : Yes
Use Synchronous Reset              : Yes
Pack IO Registers into IOBs        : Auto
Equivalent register Removal        : YES

---- General Options
Optimization Goal                  : Speed
Optimization Effort                : 1
Keep Hierarchy                     : No
Netlist Hierarchy                  : As_Optimized
RTL Output                         : Yes
Global Optimization                : AllClockNets
Read Cores                         : YES
Write Timing Constraints           : NO
Cross Clock Analysis               : NO
Hierarchy Separator                : /
Bus Delimiter                      : <>
Case Specifier                     : Maintain
Slice Utilization Ratio            : 100
BRAM Utilization Ratio             : 100
Verilog 2001                       : YES
Auto BRAM Packing                  : NO
Slice Utilization Ratio Delta      : 5

=========================================================================


=========================================================================
*                          HDL Compilation                              *
=========================================================================
Compiling verilog file "clock_divider.v" in library work
Compiling verilog file "scorpion.v" in library work
Module <clock_divider> compiled
Compiling verilog file "scorpion_top.v" in library work
Module <scorpion> compiled
Module <scorpion_top> compiled
No errors in compilation
Analysis of file <"scorpion_top.prj"> succeeded.
 

=========================================================================
*                     Design Hierarchy Analysis                         *
=========================================================================
Analyzing hierarchy for module <scorpion_top> in library <work> with parameters.
	action_attack = "10"
	action_dart = "11"
	action_retreat = "01"
	action_wait = "00"
	state_attack = "101"
	state_dart = "110"
	state_retreat1 = "001"
	state_retreat2 = "011"
	state_wait1 = "000"
	state_wait2 = "010"
	state_wait3 = "100"

Analyzing hierarchy for module <scorpion> in library <work> with parameters.
	state_attack = "101"
	state_dart = "110"
	state_retreat1 = "001"
	state_retreat2 = "011"
	state_wait1 = "000"
	state_wait2 = "010"
	state_wait3 = "100"

Analyzing hierarchy for module <clock_divider> in library <work> with parameters.
	delay_bit = "00000000000000000000000000011001"


=========================================================================
*                            HDL Analysis                               *
=========================================================================
Analyzing top module <scorpion_top>.
	action_attack = 2'b10
	action_dart = 2'b11
	action_retreat = 2'b01
	action_wait = 2'b00
	state_attack = 3'b101
	state_dart = 3'b110
	state_retreat1 = 3'b001
	state_retreat2 = 3'b011
	state_wait1 = 3'b000
	state_wait2 = 3'b010
	state_wait3 = 3'b100
Module <scorpion_top> is correct for synthesis.
 
Analyzing module <scorpion> in library <work>.
	state_attack = 3'b101
	state_dart = 3'b110
	state_retreat1 = 3'b001
	state_retreat2 = 3'b011
	state_wait1 = 3'b000
	state_wait2 = 3'b010
	state_wait3 = 3'b100
Module <scorpion> is correct for synthesis.
 
Analyzing module <clock_divider> in library <work>.
	delay_bit = 32'sb00000000000000000000000000011001
Module <clock_divider> is correct for synthesis.
 

=========================================================================
*                           HDL Synthesis                               *
=========================================================================

Performing bidirectional port resolution...

Synthesizing Unit <clock_divider>.
    Related source file is "clock_divider.v".
    Found 26-bit up counter for signal <counter>.
    Summary:
	inferred   1 Counter(s).
Unit <clock_divider> synthesized.


Synthesizing Unit <scorpion>.
    Related source file is "scorpion.v".
    Found finite state machine <FSM_0> for signal <state>.
    -----------------------------------------------------------------------
    | States             | 7                                              |
    | Transitions        | 14                                             |
    | Inputs             | 2                                              |
    | Outputs            | 6                                              |
    | Clock              | clk                       (rising_edge)        |
    | Reset              | reset                     (positive)           |
    | Reset type         | asynchronous                                   |
    | Reset State        | 000                                            |
    | Encoding           | automatic                                      |
    | Implementation     | LUT                                            |
    -----------------------------------------------------------------------
    Summary:
	inferred   1 Finite State Machine(s).
Unit <scorpion> synthesized.


Synthesizing Unit <scorpion_top>.
    Related source file is "scorpion_top.v".
    Using one-hot encoding for signal <action>.
Unit <scorpion_top> synthesized.


=========================================================================
HDL Synthesis Report

Macro Statistics
# Counters                                             : 1
 26-bit up counter                                     : 1

=========================================================================

=========================================================================
*                       Advanced HDL Synthesis                          *
=========================================================================

Analyzing FSM <FSM_0> for best encoding.
Optimizing FSM <scorp/state/FSM> on signal <state[1:3]> with user encoding.
-------------------
 State | Encoding
-------------------
 000   | 000
 001   | 001
 010   | 010
 011   | 011
 100   | 100
 101   | 101
 110   | 110
-------------------

=========================================================================
Advanced HDL Synthesis Report

Macro Statistics
# FSMs                                                 : 1
# Counters                                             : 1
 26-bit up counter                                     : 1

=========================================================================

=========================================================================
*                         Low Level Synthesis                           *
=========================================================================

Optimizing unit <scorpion_top> ...

Mapping all equations...
Building and optimizing final netlist ...
Found area constraint ratio of 100 (+ 5) on block scorpion_top, actual ratio is 1.

Final Macro Processing ...

=========================================================================
Final Register Report

Macro Statistics
# Registers                                            : 29
 Flip-Flops                                            : 29

=========================================================================

=========================================================================
*                           Partition Report                            *
=========================================================================

Partition Implementation Status
-------------------------------

  No Partitions were found in this design.

-------------------------------

=========================================================================
*                            Final Report                               *
=========================================================================
Final Results
RTL Top Level Output File Name     : scorpion_top.ngr
Top Level Output File Name         : scorpion_top
Output Format                      : NGC
Optimization Goal                  : Speed
Keep Hierarchy                     : No

Design Statistics
# IOs                              : 8

Cell Usage :
# BELS                             : 84
#      GND                         : 1
#      INV                         : 2
#      LUT1                        : 25
#      LUT3                        : 1
#      LUT4                        : 3
#      MUXCY                       : 25
#      VCC                         : 1
#      XORCY                       : 26
# FlipFlops/Latches                : 29
#      FDC                         : 3
#      FDRE                        : 26
# Clock Buffers                    : 1
#      BUFGP                       : 1
# IO Buffers                       : 7
#      IBUF                        : 2
#      OBUF                        : 5
=========================================================================

Device utilization summary:
---------------------------

Selected Device : 3s100ecp132-5 

 Number of Slices:                       15  out of    960     1%  
 Number of Slice Flip Flops:             29  out of   1920     1%  
 Number of 4 input LUTs:                 31  out of   1920     1%  
 Number of IOs:                           8
 Number of bonded IOBs:                   8  out of     83     9%  
 Number of GCLKs:                         1  out of     24     4%  

---------------------------
Partition Resource Summary:
---------------------------

  No Partitions were found in this design.

---------------------------


=========================================================================
TIMING REPORT

NOTE: THESE TIMING NUMBERS ARE ONLY A SYNTHESIS ESTIMATE.
      FOR ACCURATE TIMING INFORMATION PLEASE REFER TO THE TRACE REPORT
      GENERATED AFTER PLACE-and-ROUTE.

Clock Information:
------------------
-----------------------------------+------------------------+-------+
Clock Signal                       | Clock buffer(FF name)  | Load  |
-----------------------------------+------------------------+-------+
clk                                | BUFGP                  | 29    |
-----------------------------------+------------------------+-------+

Asynchronous Control Signals Information:
----------------------------------------
-----------------------------------+------------------------+-------+
Control Signal                     | Buffer(FF name)        | Load  |
-----------------------------------+------------------------+-------+
sw<0>                              | IBUF                   | 3     |
-----------------------------------+------------------------+-------+

Timing Summary:
---------------
Speed Grade: -5

   Minimum period: 4.191ns (Maximum Frequency: 238.635MHz)
   Minimum input arrival time before clock: 4.231ns
   Maximum output required time after clock: 4.221ns
   Maximum combinational path delay: 4.655ns

Timing Detail:
--------------
All values displayed in nanoseconds (ns)

=========================================================================
Timing constraint: Default period analysis for Clock 'clk'
  Clock period: 4.191ns (frequency: 238.635MHz)
  Total number of paths / destination ports: 468 / 81
-------------------------------------------------------------------------
Delay:               4.191ns (Levels of Logic = 26)
  Source:            scorp/timer/counter_1 (FF)
  Destination:       scorp/timer/counter_25 (FF)
  Source Clock:      clk rising
  Destination Clock: clk rising

  Data Path: scorp/timer/counter_1 to scorp/timer/counter_25
                                Gate     Net
    Cell:in->out      fanout   Delay   Delay  Logical Name (Net Name)
    ----------------------------------------  ------------
     FDRE:C->Q             1   0.514   0.509  scorp/timer/counter_1 (scorp/timer/counter_1)
     LUT1:I0->O            1   0.612   0.000  scorp/timer/Mcount_counter_cy<1>_rt (scorp/timer/Mcount_counter_cy<1>_rt)
     MUXCY:S->O            1   0.404   0.000  scorp/timer/Mcount_counter_cy<1> (scorp/timer/Mcount_counter_cy<1>)
     MUXCY:CI->O           1   0.052   0.000  scorp/timer/Mcount_counter_cy<2> (scorp/timer/Mcount_counter_cy<2>)
     MUXCY:CI->O           1   0.052   0.000  scorp/timer/Mcount_counter_cy<3> (scorp/timer/Mcount_counter_cy<3>)
     MUXCY:CI->O           1   0.052   0.000  scorp/timer/Mcount_counter_cy<4> (scorp/timer/Mcount_counter_cy<4>)
     MUXCY:CI->O           1   0.051   0.000  scorp/timer/Mcount_counter_cy<5> (scorp/timer/Mcount_counter_cy<5>)
     MUXCY:CI->O           1   0.051   0.000  scorp/timer/Mcount_counter_cy<6> (scorp/timer/Mcount_counter_cy<6>)
     MUXCY:CI->O           1   0.051   0.000  scorp/timer/Mcount_counter_cy<7> (scorp/timer/Mcount_counter_cy<7>)
     MUXCY:CI->O           1   0.051   0.000  scorp/timer/Mcount_counter_cy<8> (scorp/timer/Mcount_counter_cy<8>)
     MUXCY:CI->O           1   0.051   0.000  scorp/timer/Mcount_counter_cy<9> (scorp/timer/Mcount_counter_cy<9>)
     MUXCY:CI->O           1   0.051   0.000  scorp/timer/Mcount_counter_cy<10> (scorp/timer/Mcount_counter_cy<10>)
     MUXCY:CI->O           1   0.051   0.000  scorp/timer/Mcount_counter_cy<11> (scorp/timer/Mcount_counter_cy<11>)
     MUXCY:CI->O           1   0.051   0.000  scorp/timer/Mcount_counter_cy<12> (scorp/timer/Mcount_counter_cy<12>)
     MUXCY:CI->O           1   0.051   0.000  scorp/timer/Mcount_counter_cy<13> (scorp/timer/Mcount_counter_cy<13>)
     MUXCY:CI->O           1   0.051   0.000  scorp/timer/Mcount_counter_cy<14> (scorp/timer/Mcount_counter_cy<14>)
     MUXCY:CI->O           1   0.051   0.000  scorp/timer/Mcount_counter_cy<15> (scorp/timer/Mcount_counter_cy<15>)
     MUXCY:CI->O           1   0.051   0.000  scorp/timer/Mcount_counter_cy<16> (scorp/timer/Mcount_counter_cy<16>)
     MUXCY:CI->O           1   0.051   0.000  scorp/timer/Mcount_counter_cy<17> (scorp/timer/Mcount_counter_cy<17>)
     MUXCY:CI->O           1   0.051   0.000  scorp/timer/Mcount_counter_cy<18> (scorp/timer/Mcount_counter_cy<18>)
     MUXCY:CI->O           1   0.051   0.000  scorp/timer/Mcount_counter_cy<19> (scorp/timer/Mcount_counter_cy<19>)
     MUXCY:CI->O           1   0.051   0.000  scorp/timer/Mcount_counter_cy<20> (scorp/timer/Mcount_counter_cy<20>)
     MUXCY:CI->O           1   0.051   0.000  scorp/timer/Mcount_counter_cy<21> (scorp/timer/Mcount_counter_cy<21>)
     MUXCY:CI->O           1   0.051   0.000  scorp/timer/Mcount_counter_cy<22> (scorp/timer/Mcount_counter_cy<22>)
     MUXCY:CI->O           1   0.051   0.000  scorp/timer/Mcount_counter_cy<23> (scorp/timer/Mcount_counter_cy<23>)
     MUXCY:CI->O           0   0.051   0.000  scorp/timer/Mcount_counter_cy<24> (scorp/timer/Mcount_counter_cy<24>)
     XORCY:CI->O           1   0.699   0.000  scorp/timer/Mcount_counter_xor<25> (Result<25>)
     FDRE:D                    0.268          scorp/timer/counter_25
    ----------------------------------------
    Total                      4.191ns (3.682ns logic, 0.509ns route)
                                       (87.9% logic, 12.1% route)

=========================================================================
Timing constraint: Default OFFSET IN BEFORE for Clock 'clk'
  Total number of paths / destination ports: 27 / 27
-------------------------------------------------------------------------
Offset:              4.231ns (Levels of Logic = 3)
  Source:            danger (PAD)
  Destination:       scorp/state_FSM_FFd3 (FF)
  Destination Clock: clk rising

  Data Path: danger to scorp/state_FSM_FFd3
                                Gate     Net
    Cell:in->out      fanout   Delay   Delay  Logical Name (Net Name)
    ----------------------------------------  ------------
     IBUF:I->O             2   1.106   0.532  danger_IBUF (ld_0_OBUF)
     LUT4:I0->O           27   0.612   1.102  scorp/clk_second_reset1 (scorp/clk_second_reset)
     LUT3:I2->O            1   0.612   0.000  scorp/state_FSM_FFd3-In1 (scorp/state_FSM_FFd3-In)
     FDC:D                     0.268          scorp/state_FSM_FFd3
    ----------------------------------------
    Total                      4.231ns (2.598ns logic, 1.633ns route)
                                       (61.4% logic, 38.6% route)

=========================================================================
Timing constraint: Default OFFSET OUT AFTER for Clock 'clk'
  Total number of paths / destination ports: 1 / 1
-------------------------------------------------------------------------
Offset:              4.221ns (Levels of Logic = 1)
  Source:            scorp/state_FSM_FFd3 (FF)
  Destination:       PIO<76> (PAD)
  Source Clock:      clk rising

  Data Path: scorp/state_FSM_FFd3 to PIO<76>
                                Gate     Net
    Cell:in->out      fanout   Delay   Delay  Logical Name (Net Name)
    ----------------------------------------  ------------
     FDC:C->Q              5   0.514   0.538  scorp/state_FSM_FFd3 (scorp/state_FSM_FFd3)
     OBUF:I->O                 3.169          PIO_76_OBUF (PIO<76>)
    ----------------------------------------
    Total                      4.221ns (3.683ns logic, 0.538ns route)
                                       (87.3% logic, 12.7% route)

=========================================================================
Timing constraint: Default path analysis
  Total number of paths / destination ports: 1 / 1
-------------------------------------------------------------------------
Delay:               4.655ns (Levels of Logic = 2)
  Source:            danger (PAD)
  Destination:       ld<0> (PAD)

  Data Path: danger to ld<0>
                                Gate     Net
    Cell:in->out      fanout   Delay   Delay  Logical Name (Net Name)
    ----------------------------------------  ------------
     IBUF:I->O             2   1.106   0.380  danger_IBUF (ld_0_OBUF)
     OBUF:I->O                 3.169          ld_0_OBUF (ld<0>)
    ----------------------------------------
    Total                      4.655ns (4.275ns logic, 0.380ns route)
                                       (91.8% logic, 8.2% route)

=========================================================================


Total REAL time to Xst completion: 9.00 secs
Total CPU time to Xst completion: 6.51 secs
 
--> 


Total memory usage is 163272 kilobytes

Number of errors   :    0 (   0 filtered)
Number of warnings :    1 (   0 filtered)
Number of infos    :    0 (   0 filtered)

