Analysis & Synthesis report for kukaracha
Thu May 10 13:54:38 2012
Quartus II 32-bit Version 11.1 Build 259 01/25/2012 Service Pack 2 SJ Web Edition


---------------------
; Table of Contents ;
---------------------
  1. Legal Notice
  2. Analysis & Synthesis Summary
  3. Analysis & Synthesis Settings
  4. Parallel Compilation
  5. Analysis & Synthesis Source Files Read
  6. Analysis & Synthesis Resource Usage Summary
  7. Analysis & Synthesis Resource Utilization by Entity
  8. State Machine - |kukaracha_top|kukaracha:kuk|state
  9. Registers Removed During Synthesis
 10. General Register Statistics
 11. Multiplexer Restructuring Statistics (Restructuring Performed)
 12. Parameter Settings for User Entity Instance: Top-level Entity: |kukaracha_top
 13. Parameter Settings for User Entity Instance: kukaracha:kuk
 14. Parameter Settings for User Entity Instance: kukaracha:kuk|Clock_divider:count
 15. Elapsed Time Per Partition
 16. Analysis & Synthesis Messages



----------------
; Legal Notice ;
----------------
Copyright (C) 1991-2011 Altera Corporation
Your use of Altera Corporation's design tools, logic functions 
and other software and tools, and its AMPP partner logic 
functions, and any output files from any of the foregoing 
(including device programming or simulation files), and any 
associated documentation or information are expressly subject 
to the terms and conditions of the Altera Program License 
Subscription Agreement, Altera MegaCore Function License 
Agreement, or other applicable license agreement, including, 
without limitation, that your use is for the sole purpose of 
programming logic devices manufactured by Altera and sold by 
Altera or its authorized distributors.  Please refer to the 
applicable agreement for further details.



+------------------------------------------------------------------------------------+
; Analysis & Synthesis Summary                                                       ;
+------------------------------------+-----------------------------------------------+
; Analysis & Synthesis Status        ; Successful - Thu May 10 13:54:37 2012         ;
; Quartus II 32-bit Version          ; 11.1 Build 259 01/25/2012 SP 2 SJ Web Edition ;
; Revision Name                      ; kukaracha                                     ;
; Top-level Entity Name              ; kukaracha_top                                 ;
; Family                             ; Cyclone III                                   ;
; Total logic elements               ; 66                                            ;
;     Total combinational functions  ; 64                                            ;
;     Dedicated logic registers      ; 32                                            ;
; Total registers                    ; 32                                            ;
; Total pins                         ; 4                                             ;
; Total virtual pins                 ; 0                                             ;
; Total memory bits                  ; 0                                             ;
; Embedded Multiplier 9-bit elements ; 0                                             ;
; Total PLLs                         ; 0                                             ;
+------------------------------------+-----------------------------------------------+


+----------------------------------------------------------------------------------------------------------------------+
; Analysis & Synthesis Settings                                                                                        ;
+----------------------------------------------------------------------------+--------------------+--------------------+
; Option                                                                     ; Setting            ; Default Value      ;
+----------------------------------------------------------------------------+--------------------+--------------------+
; Device                                                                     ; EP3C16F484C6       ;                    ;
; Top-level entity name                                                      ; kukaracha_top      ; kukaracha          ;
; Family name                                                                ; Cyclone III        ; Cyclone IV GX      ;
; Use smart compilation                                                      ; Off                ; Off                ;
; Enable parallel Assembler and TimeQuest Timing Analyzer during compilation ; On                 ; On                 ;
; Enable compact report table                                                ; Off                ; Off                ;
; Restructure Multiplexers                                                   ; Auto               ; Auto               ;
; Create Debugging Nodes for IP Cores                                        ; Off                ; Off                ;
; Preserve fewer node names                                                  ; On                 ; On                 ;
; Disable OpenCore Plus hardware evaluation                                  ; Off                ; Off                ;
; Verilog Version                                                            ; Verilog_2001       ; Verilog_2001       ;
; VHDL Version                                                               ; VHDL_1993          ; VHDL_1993          ;
; State Machine Processing                                                   ; Auto               ; Auto               ;
; Safe State Machine                                                         ; Off                ; Off                ;
; Extract Verilog State Machines                                             ; On                 ; On                 ;
; Extract VHDL State Machines                                                ; On                 ; On                 ;
; Ignore Verilog initial constructs                                          ; Off                ; Off                ;
; Iteration limit for constant Verilog loops                                 ; 5000               ; 5000               ;
; Iteration limit for non-constant Verilog loops                             ; 250                ; 250                ;
; Add Pass-Through Logic to Inferred RAMs                                    ; On                 ; On                 ;
; Infer RAMs from Raw Logic                                                  ; On                 ; On                 ;
; Parallel Synthesis                                                         ; On                 ; On                 ;
; DSP Block Balancing                                                        ; Auto               ; Auto               ;
; NOT Gate Push-Back                                                         ; On                 ; On                 ;
; Power-Up Don't Care                                                        ; On                 ; On                 ;
; Remove Redundant Logic Cells                                               ; Off                ; Off                ;
; Remove Duplicate Registers                                                 ; On                 ; On                 ;
; Ignore CARRY Buffers                                                       ; Off                ; Off                ;
; Ignore CASCADE Buffers                                                     ; Off                ; Off                ;
; Ignore GLOBAL Buffers                                                      ; Off                ; Off                ;
; Ignore ROW GLOBAL Buffers                                                  ; Off                ; Off                ;
; Ignore LCELL Buffers                                                       ; Off                ; Off                ;
; Ignore SOFT Buffers                                                        ; On                 ; On                 ;
; Limit AHDL Integers to 32 Bits                                             ; Off                ; Off                ;
; Optimization Technique                                                     ; Balanced           ; Balanced           ;
; Carry Chain Length                                                         ; 70                 ; 70                 ;
; Auto Carry Chains                                                          ; On                 ; On                 ;
; Auto Open-Drain Pins                                                       ; On                 ; On                 ;
; Perform WYSIWYG Primitive Resynthesis                                      ; Off                ; Off                ;
; Auto ROM Replacement                                                       ; On                 ; On                 ;
; Auto RAM Replacement                                                       ; On                 ; On                 ;
; Auto DSP Block Replacement                                                 ; On                 ; On                 ;
; Auto Shift Register Replacement                                            ; Auto               ; Auto               ;
; Allow Shift Register Merging across Hierarchies                            ; Auto               ; Auto               ;
; Auto Clock Enable Replacement                                              ; On                 ; On                 ;
; Strict RAM Replacement                                                     ; Off                ; Off                ;
; Allow Synchronous Control Signals                                          ; On                 ; On                 ;
; Force Use of Synchronous Clear Signals                                     ; Off                ; Off                ;
; Auto RAM Block Balancing                                                   ; On                 ; On                 ;
; Auto RAM to Logic Cell Conversion                                          ; Off                ; Off                ;
; Auto Resource Sharing                                                      ; Off                ; Off                ;
; Allow Any RAM Size For Recognition                                         ; Off                ; Off                ;
; Allow Any ROM Size For Recognition                                         ; Off                ; Off                ;
; Allow Any Shift Register Size For Recognition                              ; Off                ; Off                ;
; Use LogicLock Constraints during Resource Balancing                        ; On                 ; On                 ;
; Ignore translate_off and synthesis_off directives                          ; Off                ; Off                ;
; Timing-Driven Synthesis                                                    ; On                 ; On                 ;
; Report Parameter Settings                                                  ; On                 ; On                 ;
; Report Source Assignments                                                  ; On                 ; On                 ;
; Report Connectivity Checks                                                 ; On                 ; On                 ;
; Ignore Maximum Fan-Out Assignments                                         ; Off                ; Off                ;
; Synchronization Register Chain Length                                      ; 2                  ; 2                  ;
; PowerPlay Power Optimization                                               ; Normal compilation ; Normal compilation ;
; HDL message level                                                          ; Level2             ; Level2             ;
; Suppress Register Optimization Related Messages                            ; Off                ; Off                ;
; Number of Removed Registers Reported in Synthesis Report                   ; 5000               ; 5000               ;
; Number of Inverted Registers Reported in Synthesis Report                  ; 100                ; 100                ;
; Clock MUX Protection                                                       ; On                 ; On                 ;
; Auto Gated Clock Conversion                                                ; Off                ; Off                ;
; Block Design Naming                                                        ; Auto               ; Auto               ;
; SDC constraint protection                                                  ; Off                ; Off                ;
; Synthesis Effort                                                           ; Auto               ; Auto               ;
; Shift Register Replacement - Allow Asynchronous Clear Signal               ; On                 ; On                 ;
; Analysis & Synthesis Message Level                                         ; Medium             ; Medium             ;
; Disable Register Merging Across Hierarchies                                ; Auto               ; Auto               ;
; Resource Aware Inference For Block RAM                                     ; On                 ; On                 ;
; Synthesis Seed                                                             ; 1                  ; 1                  ;
+----------------------------------------------------------------------------+--------------------+--------------------+


Parallel compilation was disabled, but you have multiple processors available. Enable parallel compilation to reduce compilation time.
+-------------------------------------+
; Parallel Compilation                ;
+----------------------------+--------+
; Processors                 ; Number ;
+----------------------------+--------+
; Number detected on machine ; 2      ;
; Maximum allowed            ; 1      ;
+----------------------------+--------+


+-------------------------------------------------------------------------------------------------------------------------------+
; Analysis & Synthesis Source Files Read                                                                                        ;
+----------------------------------+-----------------+------------------------+-------------------------------------------------+
; File Name with User-Entered Path ; Used in Netlist ; File Type              ; File Name with Absolute Path                    ;
+----------------------------------+-----------------+------------------------+-------------------------------------------------+
; Clock_divider.v                  ; yes             ; User Verilog HDL File  ; /home/am10/esoldatova/kukaracha/Clock_divider.v ;
; kukaracha.v                      ; yes             ; User Verilog HDL File  ; /home/am10/esoldatova/kukaracha/kukaracha.v     ;
; kukaracha_top.v                  ; yes             ; User Verilog HDL File  ; /home/am10/esoldatova/kukaracha/kukaracha_top.v ;
+----------------------------------+-----------------+------------------------+-------------------------------------------------+


+---------------------------------------------------------+
; Analysis & Synthesis Resource Usage Summary             ;
+---------------------------------------------+-----------+
; Resource                                    ; Usage     ;
+---------------------------------------------+-----------+
; Estimated Total logic elements              ; 66        ;
;                                             ;           ;
; Total combinational functions               ; 64        ;
; Logic element usage by number of LUT inputs ;           ;
;     -- 4 input functions                    ; 9         ;
;     -- 3 input functions                    ; 3         ;
;     -- <=2 input functions                  ; 52        ;
;                                             ;           ;
; Logic elements by mode                      ;           ;
;     -- normal mode                          ; 39        ;
;     -- arithmetic mode                      ; 25        ;
;                                             ;           ;
; Total registers                             ; 32        ;
;     -- Dedicated logic registers            ; 32        ;
;     -- I/O registers                        ; 0         ;
;                                             ;           ;
; I/O pins                                    ; 4         ;
; Maximum fan-out node                        ; clk~input ;
; Maximum fan-out                             ; 32        ;
; Total fan-out                               ; 245       ;
; Average fan-out                             ; 2.36      ;
+---------------------------------------------+-----------+


+-----------------------------------------------------------------------------------------------------------------------------------------------------------------------------------------------------------+
; Analysis & Synthesis Resource Utilization by Entity                                                                                                                                                       ;
+-----------------------------+-------------------+--------------+-------------+--------------+---------+-----------+------+--------------+--------------------------------------------------+--------------+
; Compilation Hierarchy Node  ; LC Combinationals ; LC Registers ; Memory Bits ; DSP Elements ; DSP 9x9 ; DSP 18x18 ; Pins ; Virtual Pins ; Full Hierarchy Name                              ; Library Name ;
+-----------------------------+-------------------+--------------+-------------+--------------+---------+-----------+------+--------------+--------------------------------------------------+--------------+
; |kukaracha_top              ; 64 (3)            ; 32 (0)       ; 0           ; 0            ; 0       ; 0         ; 4    ; 0            ; |kukaracha_top                                   ;              ;
;    |kukaracha:kuk|          ; 61 (8)            ; 32 (6)       ; 0           ; 0            ; 0       ; 0         ; 0    ; 0            ; |kukaracha_top|kukaracha:kuk                     ;              ;
;       |Clock_divider:count| ; 53 (53)           ; 26 (26)      ; 0           ; 0            ; 0       ; 0         ; 0    ; 0            ; |kukaracha_top|kukaracha:kuk|Clock_divider:count ;              ;
+-----------------------------+-------------------+--------------+-------------+--------------+---------+-----------+------+--------------+--------------------------------------------------+--------------+
Note: For table entries with two numbers listed, the numbers in parentheses indicate the number of resources of the given type used by the specific entity alone. The numbers listed outside of parentheses indicate the total resources of the given type used by the specific entity and all of its sub-entities in the hierarchy.


Encoding Type:  One-Hot
+-------------------------------------------------------------------------------------------------------------------------------------------------------------------------+
; State Machine - |kukaracha_top|kukaracha:kuk|state                                                                                                                      ;
+--------------------------+-----------------------+------------------+-----------------------+--------------------------+---------------------+--------------------------+
; Name                     ; state.state_back_rest ; state.state_back ; state.state_back_wait ; state.state_forward_rest ; state.state_forward ; state.state_forward_wait ;
+--------------------------+-----------------------+------------------+-----------------------+--------------------------+---------------------+--------------------------+
; state.state_forward_wait ; 0                     ; 0                ; 0                     ; 0                        ; 0                   ; 0                        ;
; state.state_forward      ; 0                     ; 0                ; 0                     ; 0                        ; 1                   ; 1                        ;
; state.state_forward_rest ; 0                     ; 0                ; 0                     ; 1                        ; 0                   ; 1                        ;
; state.state_back_wait    ; 0                     ; 0                ; 1                     ; 0                        ; 0                   ; 1                        ;
; state.state_back         ; 0                     ; 1                ; 0                     ; 0                        ; 0                   ; 1                        ;
; state.state_back_rest    ; 1                     ; 0                ; 0                     ; 0                        ; 0                   ; 1                        ;
+--------------------------+-----------------------+------------------+-----------------------+--------------------------+---------------------+--------------------------+


+------------------------------------------------------------+
; Registers Removed During Synthesis                         ;
+---------------------------------------+--------------------+
; Register name                         ; Reason for Removal ;
+---------------------------------------+--------------------+
; kukaracha:kuk|state~2                 ; Lost fanout        ;
; kukaracha:kuk|state~3                 ; Lost fanout        ;
; kukaracha:kuk|state~4                 ; Lost fanout        ;
; Total Number of Removed Registers = 3 ;                    ;
+---------------------------------------+--------------------+


+------------------------------------------------------+
; General Register Statistics                          ;
+----------------------------------------------+-------+
; Statistic                                    ; Value ;
+----------------------------------------------+-------+
; Total registers                              ; 32    ;
; Number of registers using Synchronous Clear  ; 0     ;
; Number of registers using Synchronous Load   ; 0     ;
; Number of registers using Asynchronous Clear ; 0     ;
; Number of registers using Asynchronous Load  ; 0     ;
; Number of registers using Clock Enable       ; 27    ;
; Number of registers using Preset             ; 0     ;
+----------------------------------------------+-------+


+--------------------------------------------------------------------------------------------------------------------------------------------------------------------------------------------+
; Multiplexer Restructuring Statistics (Restructuring Performed)                                                                                                                             ;
+--------------------+-----------+---------------+----------------------+------------------------+--------------------------------------------------------------+----------------------------+
; Multiplexer Inputs ; Bus Width ; Baseline Area ; Area if Restructured ; Saving if Restructured ; Registered                                                   ; Example Multiplexer Output ;
+--------------------+-----------+---------------+----------------------+------------------------+--------------------------------------------------------------+----------------------------+
; 3:1                ; 25 bits   ; 50 LEs        ; 25 LEs               ; 25 LEs                 ; |kukaracha_top|kukaracha:kuk|Clock_divider:count|counter[15] ;                            ;
; 6:1                ; 2 bits    ; 8 LEs         ; 4 LEs                ; 4 LEs                  ; |kukaracha_top|kukaracha:kuk|Selector2                       ;                            ;
+--------------------+-----------+---------------+----------------------+------------------------+--------------------------------------------------------------+----------------------------+


+-------------------------------------------------------------------------------+
; Parameter Settings for User Entity Instance: Top-level Entity: |kukaracha_top ;
+--------------------+-------+--------------------------------------------------+
; Parameter Name     ; Value ; Type                                             ;
+--------------------+-------+--------------------------------------------------+
; state_forward_wait ; 000   ; Unsigned Binary                                  ;
; state_forward      ; 001   ; Unsigned Binary                                  ;
; state_forward_rest ; 010   ; Unsigned Binary                                  ;
; state_back_wait    ; 011   ; Unsigned Binary                                  ;
; state_back         ; 100   ; Unsigned Binary                                  ;
; state_back_rest    ; 101   ; Unsigned Binary                                  ;
; action_forward     ; 00    ; Unsigned Binary                                  ;
; action_wait        ; 01    ; Unsigned Binary                                  ;
; action_back        ; 10    ; Unsigned Binary                                  ;
+--------------------+-------+--------------------------------------------------+
Note: In order to hide this table in the UI and the text report file, please set the "Show Parameter Settings in Synthesis Report" option in "Analysis and Synthesis Settings -> More Settings" to "Off".


+------------------------------------------------------------+
; Parameter Settings for User Entity Instance: kukaracha:kuk ;
+--------------------+-------+-------------------------------+
; Parameter Name     ; Value ; Type                          ;
+--------------------+-------+-------------------------------+
; state_forward_wait ; 000   ; Unsigned Binary               ;
; state_forward      ; 001   ; Unsigned Binary               ;
; state_forward_rest ; 010   ; Unsigned Binary               ;
; state_back_wait    ; 011   ; Unsigned Binary               ;
; state_back         ; 100   ; Unsigned Binary               ;
; state_back_rest    ; 101   ; Unsigned Binary               ;
+--------------------+-------+-------------------------------+
Note: In order to hide this table in the UI and the text report file, please set the "Show Parameter Settings in Synthesis Report" option in "Analysis and Synthesis Settings -> More Settings" to "Off".


+--------------------------------------------------------------------------------+
; Parameter Settings for User Entity Instance: kukaracha:kuk|Clock_divider:count ;
+----------------+-------+-------------------------------------------------------+
; Parameter Name ; Value ; Type                                                  ;
+----------------+-------+-------------------------------------------------------+
; delay_bit      ; 25    ; Signed Integer                                        ;
+----------------+-------+-------------------------------------------------------+
Note: In order to hide this table in the UI and the text report file, please set the "Show Parameter Settings in Synthesis Report" option in "Analysis and Synthesis Settings -> More Settings" to "Off".


+-------------------------------+
; Elapsed Time Per Partition    ;
+----------------+--------------+
; Partition Name ; Elapsed Time ;
+----------------+--------------+
; Top            ; 00:00:01     ;
+----------------+--------------+


+-------------------------------+
; Analysis & Synthesis Messages ;
+-------------------------------+
Info: *******************************************************************
Info: Running Quartus II 32-bit Analysis & Synthesis
    Info: Version 11.1 Build 259 01/25/2012 Service Pack 2 SJ Web Edition
    Info: Processing started: Thu May 10 13:54:31 2012
Info: Command: quartus_map --read_settings_files=on --write_settings_files=off kukaracha -c kukaracha
Warning (20028): Parallel compilation is not licensed and has been disabled
Info (12021): Found 1 design units, including 1 entities, in source file Clock_divider.v
    Info (12023): Found entity 1: Clock_divider
Info (12021): Found 1 design units, including 1 entities, in source file kukaracha.v
    Info (12023): Found entity 1: kukaracha
Info (12021): Found 1 design units, including 1 entities, in source file kukaracha_top.v
    Info (12023): Found entity 1: kukaracha_top
Info (12127): Elaborating entity "kukaracha_top" for the top level hierarchy
Info (12128): Elaborating entity "kukaracha" for hierarchy "kukaracha:kuk"
Info (12128): Elaborating entity "Clock_divider" for hierarchy "kukaracha:kuk|Clock_divider:count"
Warning (10230): Verilog HDL assignment warning at Clock_divider.v(11): truncated value with size 32 to match size of target (26)
Info (286030): Timing-Driven Synthesis is running
Info (17049): 3 registers lost all their fanouts during netlist optimizations. The first 3 are displayed below.
    Info (17050): Register "kukaracha:kuk|state~2" lost all its fanouts during netlist optimizations.
    Info (17050): Register "kukaracha:kuk|state~3" lost all its fanouts during netlist optimizations.
    Info (17050): Register "kukaracha:kuk|state~4" lost all its fanouts during netlist optimizations.
Info (16010): Generating hard_block partition "hard_block:auto_generated_inst"
Info (21057): Implemented 70 device resources after synthesis - the final resource count might be different
    Info (21058): Implemented 2 input pins
    Info (21059): Implemented 2 output pins
    Info (21061): Implemented 66 logic cells
Info: Quartus II 32-bit Analysis & Synthesis was successful. 0 errors, 2 warnings
    Info: Peak virtual memory: 310 megabytes
    Info: Processing ended: Thu May 10 13:54:38 2012
    Info: Elapsed time: 00:00:07
    Info: Total CPU time (on all processors): 00:00:02


